d:\it_step\новая папка\робота\spacebattleconsole\spacebattleconsole\spacebattleconsole\spacebattleconsole\x64\debug\vc142.pdb
d:\it_step\новая папка\робота\spacebattleconsole\spacebattleconsole\spacebattleconsole\spacebattleconsole\x64\debug\vc142.idb
d:\it_step\новая папка\робота\spacebattleconsole\spacebattleconsole\spacebattleconsole\spacebattleconsole\x64\debug\spacebattleconsole.obj
d:\it_step\новая папка\робота\spacebattleconsole\spacebattleconsole\spacebattleconsole\spacebattleconsole\x64\debug\ship.obj
d:\it_step\новая папка\робота\spacebattleconsole\spacebattleconsole\spacebattleconsole\spacebattleconsole\x64\debug\setcursor.obj
d:\it_step\новая папка\робота\spacebattleconsole\spacebattleconsole\spacebattleconsole\spacebattleconsole\x64\debug\gameline.obj
d:\it_step\новая папка\робота\spacebattleconsole\spacebattleconsole\spacebattleconsole\spacebattleconsole\x64\debug\fild.obj
d:\it_step\новая папка\робота\spacebattleconsole\spacebattleconsole\spacebattleconsole\spacebattleconsole\x64\debug\activity.obj
d:\it_step\новая папка\робота\spacebattleconsole\spacebattleconsole\spacebattleconsole\spacebattleconsole\x64\debug\consolecolor.obj
d:\it_step\новая папка\робота\spacebattleconsole\spacebattleconsole\spacebattleconsole\x64\debug\spacebattleconsole.exe
d:\it_step\новая папка\робота\spacebattleconsole\spacebattleconsole\spacebattleconsole\x64\debug\spacebattleconsole.ilk
d:\it_step\новая папка\робота\spacebattleconsole\spacebattleconsole\spacebattleconsole\x64\debug\spacebattleconsole.pdb
d:\it_step\новая папка\робота\spacebattleconsole\spacebattleconsole\spacebattleconsole\spacebattleconsole\x64\debug\fild.obj.enc
d:\it_step\новая папка\робота\spacebattleconsole\spacebattleconsole\spacebattleconsole\spacebattleconsole\x64\debug\ship.obj.enc
d:\it_step\новая папка\робота\spacebattleconsole\spacebattleconsole\spacebattleconsole\spacebattleconsole\x64\debug\spacebat.77ebdf08.tlog\cl.command.1.tlog
d:\it_step\новая папка\робота\spacebattleconsole\spacebattleconsole\spacebattleconsole\spacebattleconsole\x64\debug\spacebat.77ebdf08.tlog\cl.read.1.tlog
d:\it_step\новая папка\робота\spacebattleconsole\spacebattleconsole\spacebattleconsole\spacebattleconsole\x64\debug\spacebat.77ebdf08.tlog\cl.write.1.tlog
d:\it_step\новая папка\робота\spacebattleconsole\spacebattleconsole\spacebattleconsole\spacebattleconsole\x64\debug\spacebat.77ebdf08.tlog\link.command.1.tlog
d:\it_step\новая папка\робота\spacebattleconsole\spacebattleconsole\spacebattleconsole\spacebattleconsole\x64\debug\spacebat.77ebdf08.tlog\link.read.1.tlog
d:\it_step\новая папка\робота\spacebattleconsole\spacebattleconsole\spacebattleconsole\spacebattleconsole\x64\debug\spacebat.77ebdf08.tlog\link.write.1.tlog
